<?xml version="1.0" encoding="UTF-8"?>
<!-- Generated by org.testng.reporters.JUnitXMLReporter -->
<testsuite ignored="2" hostname="DESKTOP-2EFMKDR" failures="0" tests="2" name="Test" time="55.931" errors="0" timestamp="14 Sep 2022 04:10:02 GMT">
  <testcase classname="com.tyss.blueStone.testScript.BlueStoneTest" name="blueStoneTest" time="23.593"/>
  <testcase classname="com.tyss.blueStone.testScript.BlueStoneSecondTask" name="blueStoneSecondTask" time="20.932"/>
  <testcase classname="com.tyss.blueStone.baseutil.BaseClass" name="@BeforeSuite beforeSuite" time="0.0">
    <ignored/>
  </testcase> <!-- @BeforeSuite beforeSuite -->
  <testcase classname="com.tyss.blueStone.baseutil.BaseClass" name="@AfterSuite afterSuiteTest" time="0.0">
    <ignored/>
  </testcase> <!-- @AfterSuite afterSuiteTest -->
</testsuite> <!-- Test -->
