<?xml version="1.0" encoding="UTF-8"?>
<testng-results ignored="2" total="4" passed="2" failed="0" skipped="0">
  <reporter-output>
  </reporter-output>
  <suite started-at="2022-09-13T18:04:48Z" name="Suite" finished-at="2022-09-13T18:05:33Z" duration-ms="45872">
    <groups>
    </groups>
    <test started-at="2022-09-13T18:04:48Z" name="Test" finished-at="2022-09-13T18:05:33Z" duration-ms="45872">
      <class name="com.tyss.blueStone.testScript.BlueStoneSecondTask">
        <test-method is-config="true" signature="beforeClassTest()[pri:0, instance:com.tyss.blueStone.testScript.BlueStoneSecondTask@2a492f2a]" started-at="2022-09-13T18:05:13Z" name="beforeClassTest" finished-at="2022-09-13T18:05:17Z" duration-ms="3561" status="PASS">
          <reporter-output>
          </reporter-output>
        </test-method> <!-- beforeClassTest -->
        <test-method signature="blueStoneSecondTask()[pri:0, instance:com.tyss.blueStone.testScript.BlueStoneSecondTask@2a492f2a]" started-at="2022-09-13T18:05:17Z" name="blueStoneSecondTask" finished-at="2022-09-13T18:05:33Z" duration-ms="16191" status="PASS">
          <reporter-output>
          </reporter-output>
        </test-method> <!-- blueStoneSecondTask -->
        <test-method is-config="true" signature="beforeMethodTest()[pri:0, instance:com.tyss.blueStone.testScript.BlueStoneSecondTask@2a492f2a]" started-at="2022-09-13T18:05:17Z" name="beforeMethodTest" finished-at="2022-09-13T18:05:17Z" duration-ms="0" status="PASS">
          <reporter-output>
          </reporter-output>
        </test-method> <!-- beforeMethodTest -->
        <test-method is-config="true" signature="afterClassTest()[pri:0, instance:com.tyss.blueStone.testScript.BlueStoneSecondTask@2a492f2a]" started-at="2022-09-13T18:05:33Z" name="afterClassTest" finished-at="2022-09-13T18:05:33Z" duration-ms="361" status="PASS">
          <reporter-output>
          </reporter-output>
        </test-method> <!-- afterClassTest -->
        <test-method is-config="true" signature="afterMethodTest()[pri:0, instance:com.tyss.blueStone.testScript.BlueStoneSecondTask@2a492f2a]" started-at="2022-09-13T18:05:33Z" name="afterMethodTest" finished-at="2022-09-13T18:05:33Z" duration-ms="0" status="PASS">
          <reporter-output>
          </reporter-output>
        </test-method> <!-- afterMethodTest -->
      </class> <!-- com.tyss.blueStone.testScript.BlueStoneSecondTask -->
      <class name="com.tyss.blueStone.testScript.BlueStoneTest">
        <test-method is-config="true" signature="beforeSuite()[pri:0, instance:com.tyss.blueStone.testScript.BlueStoneTest@76318a7d]" started-at="2022-09-13T18:04:47Z" name="beforeSuite" finished-at="2022-09-13T18:04:48Z" duration-ms="889" status="PASS">
          <reporter-output>
          </reporter-output>
        </test-method> <!-- beforeSuite -->
        <test-method is-config="true" signature="beforeClassTest()[pri:0, instance:com.tyss.blueStone.testScript.BlueStoneTest@76318a7d]" started-at="2022-09-13T18:04:48Z" name="beforeClassTest" finished-at="2022-09-13T18:04:53Z" duration-ms="5525" status="PASS">
          <reporter-output>
          </reporter-output>
        </test-method> <!-- beforeClassTest -->
        <test-method is-config="true" signature="beforeMethodTest()[pri:0, instance:com.tyss.blueStone.testScript.BlueStoneTest@76318a7d]" started-at="2022-09-13T18:04:53Z" name="beforeMethodTest" finished-at="2022-09-13T18:04:53Z" duration-ms="0" status="PASS">
          <reporter-output>
          </reporter-output>
        </test-method> <!-- beforeMethodTest -->
        <test-method signature="blueStoneTest()[pri:0, instance:com.tyss.blueStone.testScript.BlueStoneTest@76318a7d]" started-at="2022-09-13T18:04:53Z" name="blueStoneTest" finished-at="2022-09-13T18:05:13Z" duration-ms="19441" status="PASS">
          <reporter-output>
          </reporter-output>
        </test-method> <!-- blueStoneTest -->
        <test-method is-config="true" signature="afterMethodTest()[pri:0, instance:com.tyss.blueStone.testScript.BlueStoneTest@76318a7d]" started-at="2022-09-13T18:05:13Z" name="afterMethodTest" finished-at="2022-09-13T18:05:13Z" duration-ms="0" status="PASS">
          <reporter-output>
          </reporter-output>
        </test-method> <!-- afterMethodTest -->
        <test-method is-config="true" signature="afterClassTest()[pri:0, instance:com.tyss.blueStone.testScript.BlueStoneTest@76318a7d]" started-at="2022-09-13T18:05:13Z" name="afterClassTest" finished-at="2022-09-13T18:05:13Z" duration-ms="335" status="PASS">
          <reporter-output>
          </reporter-output>
        </test-method> <!-- afterClassTest -->
        <test-method is-config="true" signature="afterSuiteTest()[pri:0, instance:com.tyss.blueStone.testScript.BlueStoneTest@76318a7d]" started-at="2022-09-13T18:05:34Z" name="afterSuiteTest" finished-at="2022-09-13T18:05:35Z" duration-ms="895" status="PASS">
          <reporter-output>
          </reporter-output>
        </test-method> <!-- afterSuiteTest -->
      </class> <!-- com.tyss.blueStone.testScript.BlueStoneTest -->
    </test> <!-- Test -->
  </suite> <!-- Suite -->
</testng-results>
