<?xml version="1.0" encoding="UTF-8"?>
<testng-results ignored="0" total="1" passed="1" failed="0" skipped="0">
  <reporter-output>
  </reporter-output>
  <suite started-at="2022-09-14T04:25:46Z" name="Default suite" finished-at="2022-09-14T04:26:15Z" duration-ms="28148">
    <groups>
    </groups>
    <test started-at="2022-09-14T04:25:46Z" name="Default test" finished-at="2022-09-14T04:26:15Z" duration-ms="28148">
      <class name="com.tyss.blueStone.testScript.BlueStoneTest">
        <test-method is-config="true" signature="beforeSuite()[pri:0, instance:com.tyss.blueStone.testScript.BlueStoneTest@585811a4]" started-at="2022-09-14T04:25:46Z" name="beforeSuite" finished-at="2022-09-14T04:25:46Z" duration-ms="907" status="PASS">
          <reporter-output>
          </reporter-output>
        </test-method> <!-- beforeSuite -->
        <test-method is-config="true" signature="beforeClassTest()[pri:0, instance:com.tyss.blueStone.testScript.BlueStoneTest@585811a4]" started-at="2022-09-14T04:25:46Z" name="beforeClassTest" finished-at="2022-09-14T04:25:52Z" duration-ms="5510" status="PASS">
          <reporter-output>
          </reporter-output>
        </test-method> <!-- beforeClassTest -->
        <test-method is-config="true" signature="beforeMethodTest()[pri:0, instance:com.tyss.blueStone.testScript.BlueStoneTest@585811a4]" started-at="2022-09-14T04:25:52Z" name="beforeMethodTest" finished-at="2022-09-14T04:25:52Z" duration-ms="1" status="PASS">
          <reporter-output>
          </reporter-output>
        </test-method> <!-- beforeMethodTest -->
        <test-method signature="blueStoneTest()[pri:0, instance:com.tyss.blueStone.testScript.BlueStoneTest@585811a4]" started-at="2022-09-14T04:25:52Z" name="blueStoneTest" finished-at="2022-09-14T04:26:14Z" duration-ms="22177" status="PASS">
          <reporter-output>
          </reporter-output>
        </test-method> <!-- blueStoneTest -->
        <test-method is-config="true" signature="afterMethodTest()[pri:0, instance:com.tyss.blueStone.testScript.BlueStoneTest@585811a4]" started-at="2022-09-14T04:26:14Z" name="afterMethodTest" finished-at="2022-09-14T04:26:14Z" duration-ms="0" status="PASS">
          <reporter-output>
          </reporter-output>
        </test-method> <!-- afterMethodTest -->
        <test-method is-config="true" signature="afterClassTest()[pri:0, instance:com.tyss.blueStone.testScript.BlueStoneTest@585811a4]" started-at="2022-09-14T04:26:14Z" name="afterClassTest" finished-at="2022-09-14T04:26:15Z" duration-ms="427" status="PASS">
          <reporter-output>
          </reporter-output>
        </test-method> <!-- afterClassTest -->
        <test-method is-config="true" signature="afterSuiteTest()[pri:0, instance:com.tyss.blueStone.testScript.BlueStoneTest@585811a4]" started-at="2022-09-14T04:26:15Z" name="afterSuiteTest" finished-at="2022-09-14T04:26:16Z" duration-ms="943" status="PASS">
          <reporter-output>
          </reporter-output>
        </test-method> <!-- afterSuiteTest -->
      </class> <!-- com.tyss.blueStone.testScript.BlueStoneTest -->
    </test> <!-- Default test -->
  </suite> <!-- Default suite -->
</testng-results>
